<?xml version="1.0" encoding="UTF-8"?>
<!-- Generated by org.testng.reporters.JUnitReportReporter -->
<testsuite name="com.qmetry.qaf.automation.step.client.DataDrivenScenario" tests="1" time="7.471" ignored="1" failures="0" timestamp="09 Aug 2019 10:14:52 GMT" skipped="0" hostname="MAVRLT344" errors="0">
  <testcase name="[RTP-2605]_[Demo_001]_Testcase_Demo" time="7.471" classname="com.qmetry.qaf.automation.step.client.DataDrivenScenario"/>
  <testcase name="[RTP-2605]_[Demo_001]_Testcase_Demo" classname="com.qmetry.qaf.automation.step.client.DataDrivenScenario">
    <skipped/>
  </testcase> <!-- [RTP-2605]_[Demo_001]_Testcase_Demo -->
</testsuite> <!-- com.qmetry.qaf.automation.step.client.DataDrivenScenario -->
